<?xml version="1.0" encoding="UTF-8"?>
<!-- Generated by org.testng.reporters.JUnitReportReporter -->
<testsuite hostname="Krishnaas-MacBook-Air.local" failures="0" tests="6" name="TestCase.TestCase1" time="41.605" errors="0" timestamp="2021-05-31T16:40:54 PDT" skipped="0">
  <testcase classname="TestCase.TestCase1" name="testLogin1" time="3.136"/>
  <system-out/>
  <testcase classname="TestCase.TestCase1" name="testLoginWithGet2" time="10.136"/>
  <system-out/>
  <testcase classname="TestCase.TestCase1" name="testAddData3" time="7.647"/>
  <system-out/>
  <testcase classname="TestCase.TestCase1" name="testUpdateAPI4" time="6.800"/>
  <system-out/>
  <testcase classname="TestCase.TestCase1" name="testDeleteAPI4" time="6.500"/>
  <system-out/>
  <testcase classname="TestCase.TestCase1" name="testLogOutAPI5" time="7.386"/>
  <system-out/>
</testsuite> <!-- TestCase.TestCase1 -->
