<?xml version="1.0" encoding="UTF-8"?>
<!-- Generated by org.testng.reporters.JUnitReportReporter -->
<testsuite hostname="Krishnaas-MacBook-Air.local" failures="0" tests="6" name="TestCase.TestCase1" time="39.261" errors="0" timestamp="2021-05-22T18:30:01 PDT" skipped="0">
  <testcase classname="TestCase.TestCase1" name="testLogin1" time="5.083"/>
  <system-out/>
  <testcase classname="TestCase.TestCase1" name="testLoginWithGet2" time="9.034"/>
  <system-out/>
  <testcase classname="TestCase.TestCase1" name="testAddData3" time="6.472"/>
  <system-out/>
  <testcase classname="TestCase.TestCase1" name="testUpdateAPI4" time="8.218"/>
  <system-out/>
  <testcase classname="TestCase.TestCase1" name="testDeleteAPI4" time="4.446"/>
  <system-out/>
  <testcase classname="TestCase.TestCase1" name="testLogOutAPI5" time="6.008"/>
  <system-out/>
</testsuite> <!-- TestCase.TestCase1 -->
